Determining if the pthread_create exist failed with the following output:
Change Dir: /home/mormont/github/basic_sdl/build/CMakeFiles/CMakeTmp

Run Build Command:"/bin/make" "cmTC_a7b42/fast"
/bin/make -f CMakeFiles/cmTC_a7b42.dir/build.make CMakeFiles/cmTC_a7b42.dir/build
make[1]: вход в каталог «/home/mormont/github/basic_sdl/build/CMakeFiles/CMakeTmp»
Building C object CMakeFiles/cmTC_a7b42.dir/CheckSymbolExists.c.o
/bin/cc    -o CMakeFiles/cmTC_a7b42.dir/CheckSymbolExists.c.o   -c /home/mormont/github/basic_sdl/build/CMakeFiles/CMakeTmp/CheckSymbolExists.c
Linking C executable cmTC_a7b42
/usr/bin/cmake -E cmake_link_script CMakeFiles/cmTC_a7b42.dir/link.txt --verbose=1
/bin/cc      -rdynamic CMakeFiles/cmTC_a7b42.dir/CheckSymbolExists.c.o  -o cmTC_a7b42 
/bin/ld: CMakeFiles/cmTC_a7b42.dir/CheckSymbolExists.c.o: in function `main':
CheckSymbolExists.c:(.text+0x1b): undefined reference to `pthread_create'
collect2: ошибка: выполнение ld завершилось с кодом возврата 1
make[1]: *** [CMakeFiles/cmTC_a7b42.dir/build.make:87: cmTC_a7b42] Ошибка 1
make[1]: выход из каталога «/home/mormont/github/basic_sdl/build/CMakeFiles/CMakeTmp»
make: *** [Makefile:121: cmTC_a7b42/fast] Ошибка 2

File /home/mormont/github/basic_sdl/build/CMakeFiles/CMakeTmp/CheckSymbolExists.c:
/* */
#include <pthread.h>

int main(int argc, char** argv)
{
  (void)argv;
#ifndef pthread_create
  return ((int*)(&pthread_create))[argc];
#else
  (void)argc;
  return 0;
#endif
}

Determining if the function pthread_create exists in the pthreads failed with the following output:
Change Dir: /home/mormont/github/basic_sdl/build/CMakeFiles/CMakeTmp

Run Build Command:"/bin/make" "cmTC_03280/fast"
/bin/make -f CMakeFiles/cmTC_03280.dir/build.make CMakeFiles/cmTC_03280.dir/build
make[1]: вход в каталог «/home/mormont/github/basic_sdl/build/CMakeFiles/CMakeTmp»
Building C object CMakeFiles/cmTC_03280.dir/CheckFunctionExists.c.o
/bin/cc   -DCHECK_FUNCTION_EXISTS=pthread_create   -o CMakeFiles/cmTC_03280.dir/CheckFunctionExists.c.o   -c /usr/share/cmake-3.12/Modules/CheckFunctionExists.c
Linking C executable cmTC_03280
/usr/bin/cmake -E cmake_link_script CMakeFiles/cmTC_03280.dir/link.txt --verbose=1
/bin/cc  -DCHECK_FUNCTION_EXISTS=pthread_create    -rdynamic CMakeFiles/cmTC_03280.dir/CheckFunctionExists.c.o  -o cmTC_03280 -lpthreads 
/bin/ld: cannot find -lpthreads
collect2: ошибка: выполнение ld завершилось с кодом возврата 1
make[1]: *** [CMakeFiles/cmTC_03280.dir/build.make:87: cmTC_03280] Ошибка 1
make[1]: выход из каталога «/home/mormont/github/basic_sdl/build/CMakeFiles/CMakeTmp»
make: *** [Makefile:121: cmTC_03280/fast] Ошибка 2


